
> portfolio-website@0.1.0 start
> react-scripts start

(node:16896) [DEP_WEBPACK_DEV_SERVER_ON_AFTER_SETUP_MIDDLEWARE] DeprecationWarning: 'onAfterSetupMiddleware' option is deprecated. Please use the 'setupMiddlewares' option.
(Use `node --trace-deprecation ...` to show where the warning was created)
(node:16896) [DEP_WEBPACK_DEV_SERVER_ON_BEFORE_SETUP_MIDDLEWARE] DeprecationWarning: 'onBeforeSetupMiddleware' option is deprecated. Please use the 'setupMiddlewares' option.
Starting the development server...

Compiled with warnings.

[eslint] 
src\components\Navigation.jsx
  Line 2:10:  'resumeData' is defined but never used  no-unused-vars

Search for the keywords to learn more about each warning.
To ignore, add // eslint-disable-next-line to the line before.

[1m[33mWARNING[39m[22m in [1m[eslint] 
src\components\Navigation.jsx
  Line 2:10:  'resumeData' is defined but never used  no-unused-vars

[39m[22m

webpack compiled with [1m[33m1 warning[39m[22m
Compiled with warnings.

[eslint] 
src\components\Navigation.jsx
  Line 2:10:  'resumeData' is defined but never used  no-unused-vars

Search for the keywords to learn more about each warning.
To ignore, add // eslint-disable-next-line to the line before.

[1m[33mWARNING[39m[22m in [1m[eslint] 
src\components\Navigation.jsx
  Line 2:10:  'resumeData' is defined but never used  no-unused-vars

[39m[22m

webpack compiled with [1m[33m1 warning[39m[22m
Compiling...
Compiled successfully!
webpack compiled [1m[32msuccessfully[39m[22m
Compiling...
Compiled successfully!
webpack compiled [1m[32msuccessfully[39m[22m
Compiling...
Compiled successfully!
webpack compiled [1m[32msuccessfully[39m[22m
Compiling...
Compiled successfully!
webpack compiled [1m[32msuccessfully[39m[22m
Compiling...
Compiled successfully!
webpack compiled [1m[32msuccessfully[39m[22m
Compiling...
Compiled successfully!
webpack compiled [1m[32msuccessfully[39m[22m
Compiling...
Compiled successfully!
webpack compiled [1m[32msuccessfully[39m[22m
Compiling...
Compiled successfully!
webpack compiled [1m[32msuccessfully[39m[22m
Compiling...
Compiled successfully!
webpack compiled [1m[32msuccessfully[39m[22m
Compiling...
Compiled successfully!
webpack compiled [1m[32msuccessfully[39m[22m
Compiling...
Compiled successfully!
webpack compiled [1m[32msuccessfully[39m[22m
Compiling...
Compiled successfully!
webpack compiled [1m[32msuccessfully[39m[22m
Compiling...
Compiled successfully!
webpack compiled [1m[32msuccessfully[39m[22m
Compiling...
Compiled successfully!
webpack compiled [1m[32msuccessfully[39m[22m
Compiling...
Compiled successfully!
webpack compiled [1m[32msuccessfully[39m[22m
Compiling...
Compiled successfully!
webpack compiled [1m[32msuccessfully[39m[22m
Compiling...
Compiled successfully!
webpack compiled [1m[32msuccessfully[39m[22m
Compiling...
Compiled successfully!
webpack compiled [1m[32msuccessfully[39m[22m
Compiling...
Compiled successfully!
webpack compiled [1m[32msuccessfully[39m[22m
Compiling...
Compiled successfully!
webpack compiled [1m[32msuccessfully[39m[22m
Compiling...
Compiled successfully!
webpack compiled [1m[32msuccessfully[39m[22m
Compiling...
Compiled successfully!
webpack compiled [1m[32msuccessfully[39m[22m
Compiling...
Compiled successfully!
webpack compiled [1m[32msuccessfully[39m[22m
Compiling...
Compiled successfully!
webpack compiled [1m[32msuccessfully[39m[22m
Compiling...
Compiled successfully!
webpack compiled [1m[32msuccessfully[39m[22m
Compiling...
Compiled successfully!
webpack compiled [1m[32msuccessfully[39m[22m
Compiling...
Compiled successfully!
webpack compiled [1m[32msuccessfully[39m[22m
Compiling...
Compiled successfully!
webpack compiled [1m[32msuccessfully[39m[22m
Compiling...
Compiled successfully!
webpack compiled [1m[32msuccessfully[39m[22m
Compiling...
Compiled successfully!
webpack compiled [1m[32msuccessfully[39m[22m
Compiling...
Compiled successfully!
webpack compiled [1m[32msuccessfully[39m[22m
Compiling...
Compiled successfully!
webpack compiled [1m[32msuccessfully[39m[22m
Compiling...
Compiled successfully!
webpack compiled [1m[32msuccessfully[39m[22m
Compiling...
Compiled successfully!
webpack compiled [1m[32msuccessfully[39m[22m
Compiling...
Compiled successfully!
webpack compiled [1m[32msuccessfully[39m[22m
Compiling...
Compiled successfully!
webpack compiled [1m[32msuccessfully[39m[22m
Compiling...
Compiled successfully!
webpack compiled [1m[32msuccessfully[39m[22m
Compiling...
Compiled successfully!
webpack compiled [1m[32msuccessfully[39m[22m
Compiling...
Compiled successfully!
webpack compiled [1m[32msuccessfully[39m[22m
Compiling...
Compiled successfully!
webpack compiled [1m[32msuccessfully[39m[22m
Compiling...
Compiled successfully!
webpack compiled [1m[32msuccessfully[39m[22m
Compiling...
Compiled successfully!
webpack compiled [1m[32msuccessfully[39m[22m
Compiling...
Compiled successfully!
webpack compiled [1m[32msuccessfully[39m[22m
Compiling...
Compiled successfully!
webpack compiled [1m[32msuccessfully[39m[22m
Compiling...
Compiled successfully!
webpack compiled [1m[32msuccessfully[39m[22m
Compiling...
Compiled successfully!
webpack compiled [1m[32msuccessfully[39m[22m
Compiling...
Compiled successfully!
webpack compiled [1m[32msuccessfully[39m[22m
Compiling...
Failed to compile.

[eslint] 
src\components\Skills.jsx
  Line 28:30:  'setExpandedCategory' is not defined  no-undef
  Line 28:50:  'expandedCategory' is not defined     no-undef
  Line 36:23:  'expandedCategory' is not defined     no-undef
  Line 46:21:  'expandedCategory' is not defined     no-undef

Search for the keywords to learn more about each error.
[1m[31mERROR[39m[22m in [1m[eslint] 
src\components\Skills.jsx
  Line 28:30:  'setExpandedCategory' is not defined  no-undef
  Line 28:50:  'expandedCategory' is not defined     no-undef
  Line 36:23:  'expandedCategory' is not defined     no-undef
  Line 46:21:  'expandedCategory' is not defined     no-undef

Search for the keywords to learn more about each [1m[31merror[39m[22m[1m.[39m[22m

webpack compiled with [1m[31m1 error[39m[22m
Compiling...
Compiled successfully!
webpack compiled [1m[32msuccessfully[39m[22m
Compiling...
Compiled with warnings.

[eslint] 
src\components\Skills.jsx
  Line 5:10:  'expandedCategory' is assigned a value but never used     no-unused-vars
  Line 5:28:  'setExpandedCategory' is assigned a value but never used  no-unused-vars

Search for the keywords to learn more about each warning.
To ignore, add // eslint-disable-next-line to the line before.

[1m[33mWARNING[39m[22m in [1m[eslint] 
src\components\Skills.jsx
  Line 5:10:  'expandedCategory' is assigned a value but never used     no-unused-vars
  Line 5:28:  'setExpandedCategory' is assigned a value but never used  no-unused-vars

[39m[22m

webpack compiled with [1m[33m1 warning[39m[22m
Compiling...
Compiled successfully!
webpack compiled [1m[32msuccessfully[39m[22m
Compiling...
Compiled successfully!
webpack compiled [1m[32msuccessfully[39m[22m
Compiling...
Failed to compile.

[eslint] 
src\components\Skills.jsx
Syntax error: Expected corresponding JSX closing tag for <section>. (181:6) (181:6)
[1m[31mERROR[39m[22m in [1m./src/components/Skills.jsx[39m[22m
Module build failed (from ./node_modules/babel-loader/lib/index.js):
SyntaxError: D:\new journey\portfolio\portfolio-website\src\components\Skills.jsx: Expected corresponding JSX closing tag for <section>. (181:6)

[0m [90m 179 |[39m           [33m<[39m[33m/[39m[33mdiv[39m[33m>[39m
 [90m 180 |[39m         [33m<[39m[33m/[39m[33mdiv[39m[33m>[39m
[31m[1m>[22m[39m[90m 181 |[39m       [33m<[39m[33m/[39m[33mdiv[39m[33m>[39m
 [90m     |[39m       [31m[1m^[22m[39m
 [90m 182 |[39m     [33m<[39m[33m/[39m[33msection[39m[33m>[39m
 [90m 183 |[39m   )[33m;[39m
 [90m 184 |[39m }[33m;[39m[0m
    at constructor (D:\new journey\portfolio\portfolio-website\node_modules\@babel\parser\lib\index.js:365:19)
    at FlowParserMixin.raise (D:\new journey\portfolio\portfolio-website\node_modules\@babel\parser\lib\index.js:6599:19)
    at FlowParserMixin.jsxParseElementAt (D:\new journey\portfolio\portfolio-website\node_modules\@babel\parser\lib\index.js:4727:16)
    at FlowParserMixin.jsxParseElement (D:\new journey\portfolio\portfolio-website\node_modules\@babel\parser\lib\index.js:4749:17)
    at FlowParserMixin.parseExprAtom (D:\new journey\portfolio\portfolio-website\node_modules\@babel\parser\lib\index.js:4759:19)
    at FlowParserMixin.parseExprSubscripts (D:\new journey\portfolio\portfolio-website\node_modules\@babel\parser\lib\index.js:11081:23)
    at FlowParserMixin.parseUpdate (D:\new journey\portfolio\portfolio-website\node_modules\@babel\parser\lib\index.js:11066:21)
    at FlowParserMixin.parseMaybeUnary (D:\new journey\portfolio\portfolio-website\node_modules\@babel\parser\lib\index.js:11046:23)
    at FlowParserMixin.parseMaybeUnaryOrPrivate (D:\new journey\portfolio\portfolio-website\node_modules\@babel\parser\lib\index.js:10899:61)
    at FlowParserMixin.parseExprOps (D:\new journey\portfolio\portfolio-website\node_modules\@babel\parser\lib\index.js:10904:23)
    at FlowParserMixin.parseMaybeConditional (D:\new journey\portfolio\portfolio-website\node_modules\@babel\parser\lib\index.js:10881:23)
    at FlowParserMixin.parseMaybeAssign (D:\new journey\portfolio\portfolio-website\node_modules\@babel\parser\lib\index.js:10831:21)
    at D:\new journey\portfolio\portfolio-website\node_modules\@babel\parser\lib\index.js:3498:39
    at FlowParserMixin.tryParse (D:\new journey\portfolio\portfolio-website\node_modules\@babel\parser\lib\index.js:6907:20)
    at FlowParserMixin.parseMaybeAssign (D:\new journey\portfolio\portfolio-website\node_modules\@babel\parser\lib\index.js:3498:18)
    at D:\new journey\portfolio\portfolio-website\node_modules\@babel\parser\lib\index.js:10800:39
    at FlowParserMixin.allowInAnd (D:\new journey\portfolio\portfolio-website\node_modules\@babel\parser\lib\index.js:12426:12)
    at FlowParserMixin.parseMaybeAssignAllowIn (D:\new journey\portfolio\portfolio-website\node_modules\@babel\parser\lib\index.js:10800:17)
    at FlowParserMixin.parseMaybeAssignAllowInOrVoidPattern (D:\new journey\portfolio\portfolio-website\node_modules\@babel\parser\lib\index.js:12493:17)
    at FlowParserMixin.parseParenAndDistinguishExpression (D:\new journey\portfolio\portfolio-website\node_modules\@babel\parser\lib\index.js:11675:28)
    at FlowParserMixin.parseParenAndDistinguishExpression (D:\new journey\portfolio\portfolio-website\node_modules\@babel\parser\lib\index.js:3591:18)
    at FlowParserMixin.parseExprAtom (D:\new journey\portfolio\portfolio-website\node_modules\@babel\parser\lib\index.js:11331:23)
    at FlowParserMixin.parseExprAtom (D:\new journey\portfolio\portfolio-website\node_modules\@babel\parser\lib\index.js:4764:20)
    at FlowParserMixin.parseExprSubscripts (D:\new journey\portfolio\portfolio-website\node_modules\@babel\parser\lib\index.js:11081:23)
    at FlowParserMixin.parseUpdate (D:\new journey\portfolio\portfolio-website\node_modules\@babel\parser\lib\index.js:11066:21)
    at FlowParserMixin.parseMaybeUnary (D:\new journey\portfolio\portfolio-website\node_modules\@babel\parser\lib\index.js:11046:23)
    at FlowParserMixin.parseMaybeUnaryOrPrivate (D:\new journey\portfolio\portfolio-website\node_modules\@babel\parser\lib\index.js:10899:61)
    at FlowParserMixin.parseExprOps (D:\new journey\portfolio\portfolio-website\node_modules\@babel\parser\lib\index.js:10904:23)
    at FlowParserMixin.parseMaybeConditional (D:\new journey\portfolio\portfolio-website\node_modules\@babel\parser\lib\index.js:10881:23)
    at FlowParserMixin.parseMaybeAssign (D:\new journey\portfolio\portfolio-website\node_modules\@babel\parser\lib\index.js:10831:21)
    at FlowParserMixin.parseMaybeAssign (D:\new journey\portfolio\portfolio-website\node_modules\@babel\parser\lib\index.js:3549:18)
    at FlowParserMixin.parseExpressionBase (D:\new journey\portfolio\portfolio-website\node_modules\@babel\parser\lib\index.js:10784:23)
    at D:\new journey\portfolio\portfolio-website\node_modules\@babel\parser\lib\index.js:10780:39
    at FlowParserMixin.allowInAnd (D:\new journey\portfolio\portfolio-website\node_modules\@babel\parser\lib\index.js:12421:16)
    at FlowParserMixin.parseExpression (D:\new journey\portfolio\portfolio-website\node_modules\@babel\parser\lib\index.js:10780:17)
    at FlowParserMixin.parseReturnStatement (D:\new journey\portfolio\portfolio-website\node_modules\@babel\parser\lib\index.js:13142:28)
    at FlowParserMixin.parseStatementContent (D:\new journey\portfolio\portfolio-website\node_modules\@babel\parser\lib\index.js:12798:21)
    at FlowParserMixin.parseStatementLike (D:\new journey\portfolio\portfolio-website\node_modules\@babel\parser\lib\index.js:12767:17)
    at FlowParserMixin.parseStatementLike (D:\new journey\portfolio\portfolio-website\node_modules\@babel\parser\lib\index.js:2918:24)
    at FlowParserMixin.parseStatementListItem (D:\new journey\portfolio\portfolio-website\node_modules\@babel\parser\lib\index.js:12747:17)
    at FlowParserMixin.parseBlockOrModuleBlockBody (D:\new journey\portfolio\portfolio-website\node_modules\@babel\parser\lib\index.js:13316:61)
    at FlowParserMixin.parseBlockBody (D:\new journey\portfolio\portfolio-website\node_modules\@babel\parser\lib\index.js:13309:10)
    at FlowParserMixin.parseBlock (D:\new journey\portfolio\portfolio-website\node_modules\@babel\parser\lib\index.js:13297:10)
    at FlowParserMixin.parseFunctionBody (D:\new journey\portfolio\portfolio-website\node_modules\@babel\parser\lib\index.js:12100:24)
    at D:\new journey\portfolio\portfolio-website\node_modules\@babel\parser\lib\index.js:2892:63
    at FlowParserMixin.forwardNoArrowParamsConversionAt (D:\new journey\portfolio\portfolio-website\node_modules\@babel\parser\lib\index.js:3068:16)
    at FlowParserMixin.parseFunctionBody (D:\new journey\portfolio\portfolio-website\node_modules\@babel\parser\lib\index.js:2892:12)
    at FlowParserMixin.parseArrowExpression (D:\new journey\portfolio\portfolio-website\node_modules\@babel\parser\lib\index.js:12075:10)
    at FlowParserMixin.parseParenAndDistinguishExpression (D:\new journey\portfolio\portfolio-website\node_modules\@babel\parser\lib\index.js:11687:12)
    at FlowParserMixin.parseParenAndDistinguishExpression (D:\new journey\portfolio\portfolio-website\node_modules\@babel\parser\lib\index.js:3591:18)

[1m[31mERROR[39m[22m in [1m[eslint] 
src\components\Skills.jsx
  Line 181:6:  Parsing [1m[31merror[39m[22m[1m: Expected corresponding JSX closing tag for <section>. (181:6)

[39m[22m

webpack compiled with [1m[31m2 errors[39m[22m
Compiling...
Compiled with warnings.

[eslint] 
src\components\Skills.jsx
  Line 69:25:  'isVisible' is assigned a value but never used  no-unused-vars

Search for the keywords to learn more about each warning.
To ignore, add // eslint-disable-next-line to the line before.

[1m[33mWARNING[39m[22m in [1m[eslint] 
src\components\Skills.jsx
  Line 69:25:  'isVisible' is assigned a value but never used  no-unused-vars

[39m[22m

webpack compiled with [1m[33m1 warning[39m[22m
Compiling...
Compiled successfully!
webpack compiled [1m[32msuccessfully[39m[22m
Compiling...
Compiled successfully!
webpack compiled [1m[32msuccessfully[39m[22m
Compiling...
Compiled successfully!
webpack compiled [1m[32msuccessfully[39m[22m
Compiling...
Compiled successfully!
webpack compiled [1m[32msuccessfully[39m[22m
Compiling...
Compiled successfully!
webpack compiled [1m[32msuccessfully[39m[22m
Compiling...
Compiled successfully!
webpack compiled [1m[32msuccessfully[39m[22m
Compiling...
Compiled successfully!
webpack compiled [1m[32msuccessfully[39m[22m
Compiling...
Compiled successfully!
webpack compiled [1m[32msuccessfully[39m[22m
Compiling...
Compiled successfully!
webpack compiled [1m[32msuccessfully[39m[22m
Compiling...
Compiled successfully!
webpack compiled [1m[32msuccessfully[39m[22m
